<?xml version="1.0" encoding="UTF-8"?>
<testng-results ignored="0" total="1" passed="1" failed="0" skipped="0">
  <reporter-output>
  </reporter-output>
  <suite started-at="2024-08-05T18:24:33 IST" name="Suite" finished-at="2024-08-05T18:25:29 IST" duration-ms="56245">
    <groups>
    </groups>
    <test started-at="2024-08-05T18:24:33 IST" name="Test" finished-at="2024-08-05T18:25:29 IST" duration-ms="56245">
      <class name="org.testscripts.Surya">
        <test-method is-config="true" signature="launchBrowser()[pri:0, instance:org.testscripts.Surya@7714e963]" started-at="2024-08-05T18:24:33 IST" name="launchBrowser" finished-at="2024-08-05T18:24:35 IST" duration-ms="1654" status="PASS">
          <reporter-output>
          </reporter-output>
        </test-method> <!-- launchBrowser -->
        <test-method is-config="true" signature="loginToApp()[pri:0, instance:org.testscripts.Surya@7714e963]" started-at="2024-08-05T18:24:35 IST" name="loginToApp" finished-at="2024-08-05T18:24:35 IST" duration-ms="496" status="PASS">
          <reporter-output>
          </reporter-output>
        </test-method> <!-- loginToApp -->
        <test-method signature="test()[pri:0, instance:org.testscripts.Surya@7714e963]" started-at="2024-08-05T18:24:35 IST" name="test" finished-at="2024-08-05T18:25:29 IST" duration-ms="54065" status="PASS">
          <reporter-output>
          </reporter-output>
        </test-method> <!-- test -->
      </class> <!-- org.testscripts.Surya -->
    </test> <!-- Test -->
  </suite> <!-- Suite -->
</testng-results>
