<?xml version="1.0" encoding="UTF-8"?>
<testng-results ignored="0" total="1" passed="1" failed="0" skipped="0">
  <reporter-output>
  </reporter-output>
  <suite started-at="2024-08-07T15:48:12 IST" name="Suite" finished-at="2024-08-07T15:49:15 IST" duration-ms="63697">
    <groups>
    </groups>
    <test started-at="2024-08-07T15:48:12 IST" name="Test" finished-at="2024-08-07T15:49:15 IST" duration-ms="63697">
      <class name="org.testscripts.Surya">
        <test-method is-config="true" signature="launchBrowser()[pri:0, instance:org.testscripts.Surya@20ce78ec]" started-at="2024-08-07T15:48:12 IST" name="launchBrowser" finished-at="2024-08-07T15:48:14 IST" duration-ms="2215" status="PASS">
          <reporter-output>
          </reporter-output>
        </test-method> <!-- launchBrowser -->
        <test-method is-config="true" signature="loginToApp()[pri:0, instance:org.testscripts.Surya@20ce78ec]" started-at="2024-08-07T15:48:14 IST" name="loginToApp" finished-at="2024-08-07T15:48:15 IST" duration-ms="717" status="PASS">
          <reporter-output>
          </reporter-output>
        </test-method> <!-- loginToApp -->
        <test-method signature="test()[pri:0, instance:org.testscripts.Surya@20ce78ec]" started-at="2024-08-07T15:48:15 IST" name="test" finished-at="2024-08-07T15:49:15 IST" duration-ms="60717" status="PASS">
          <reporter-output>
          </reporter-output>
        </test-method> <!-- test -->
      </class> <!-- org.testscripts.Surya -->
    </test> <!-- Test -->
  </suite> <!-- Suite -->
</testng-results>
