<?xml version="1.0" encoding="UTF-8"?>
<testng-results ignored="0" total="1" passed="1" failed="0" skipped="0">
  <reporter-output>
  </reporter-output>
  <suite started-at="2024-08-07T14:31:31 IST" name="Suite" finished-at="2024-08-07T14:32:26 IST" duration-ms="54821">
    <groups>
    </groups>
    <test started-at="2024-08-07T14:31:31 IST" name="Test" finished-at="2024-08-07T14:32:26 IST" duration-ms="54821">
      <class name="org.testscripts.Surya">
        <test-method is-config="true" signature="launchBrowser()[pri:0, instance:org.testscripts.Surya@5158b42f]" started-at="2024-08-07T14:31:31 IST" name="launchBrowser" finished-at="2024-08-07T14:31:33 IST" duration-ms="1259" status="PASS">
          <reporter-output>
          </reporter-output>
        </test-method> <!-- launchBrowser -->
        <test-method is-config="true" signature="loginToApp()[pri:0, instance:org.testscripts.Surya@5158b42f]" started-at="2024-08-07T14:31:33 IST" name="loginToApp" finished-at="2024-08-07T14:31:33 IST" duration-ms="560" status="PASS">
          <reporter-output>
          </reporter-output>
        </test-method> <!-- loginToApp -->
        <test-method signature="test()[pri:0, instance:org.testscripts.Surya@5158b42f]" started-at="2024-08-07T14:31:33 IST" name="test" finished-at="2024-08-07T14:32:26 IST" duration-ms="52970" status="PASS">
          <reporter-output>
          </reporter-output>
        </test-method> <!-- test -->
      </class> <!-- org.testscripts.Surya -->
    </test> <!-- Test -->
  </suite> <!-- Suite -->
</testng-results>
